2020-11-07 16:50:48.018033 (24743) main____ INFO    ----------------------------------------
2020-11-07 16:50:48.018197 (24743) main____ INFO    JasperGold version info
2020-11-07 16:50:48.018220 (24743) main____ INFO      tool      : JasperGold 2018.03
2020-11-07 16:50:48.018240 (24743) main____ INFO      version   : 2018.03p001 64 bits
2020-11-07 16:50:48.018256 (24743) main____ INFO      build date: 2018.04.24 18:13:05 PDT
2020-11-07 16:50:48.018269 (24743) main____ INFO    ----------------------------------------
2020-11-07 16:50:48.018280 (24743) main____ INFO    Runtime info:
2020-11-07 16:50:48.018295 (24743) main____ INFO      platform  : Linux 3.10.0-862.9.1.el7.x86_64 x86_64
2020-11-07 16:50:48.018313 (24743) main____ INFO      hostname  : vlsicad8
2020-11-07 16:50:48.018326 (24743) main____ INFO      pid       : 24743
2020-11-07 16:50:48.018339 (24743) main____ INFO      arguments : '-style' 'windows' '../script/jg_bridge.tcl'
2020-11-07 16:50:48.018352 (24743) main____ INFO    ----------------------------------------
2020-11-07 16:50:48.018364 (24743) main____ INFO    System resource limits info:
2020-11-07 16:50:48.018377 (24743) main____ INFO      virtual memory: unlimited
2020-11-07 16:50:48.018391 (24743) main____ INFO      cpu time      : unlimited
2020-11-07 16:50:48.018415 (24743) main____ INFO      stack size    : 8388608 B
2020-11-07 16:50:48.018436 (24743) main____ INFO      core file size: 0 B
2020-11-07 16:50:48.018458 (24743) main____ INFO      open files    : 1024
2020-11-07 16:50:48.018473 (24743) main____ INFO      file size     : unlimited
2020-11-07 16:50:48.018485 (24743) main____ INFO    ----------------------------------------
2020-11-07 16:50:48.018497 (24743) main____ INFO    Memory statistics:
2020-11-07 16:50:48.018509 (24743) main____ INFO      total physical memory  : 28804600 kB
2020-11-07 16:50:48.018521 (24743) main____ INFO      free physical memory   : 10323760 kB
2020-11-07 16:50:48.018532 (24743) main____ INFO      committed address space: 16342716 kB
2020-11-07 16:50:48.018544 (24743) main____ INFO    ----------------------------------------
2020-11-07 16:50:48.018596 (24743) main____ INFO    Important environment variables:
2020-11-07 16:50:48.018619 (24743) main____ INFO      DISPLAY        : 'localhost:30.0'
2020-11-07 16:50:48.018639 (24743) main____ INFO      LM_LICENSE_FILE: '27000@vlsicad8:26000@lscic:1717@lsncku:5280@lsncku:5280@lscic:26585@lsncku:26585@lscic'
2020-11-07 16:50:48.018653 (24743) main____ INFO    ----------------------------------------
2020-11-07 16:50:48.019268 (24743) lic_core INFO    Initializing license system ...
2020-11-07 16:50:48.020921 (24743) lic_core INFO    ... license system initialized.
2020-11-07 16:50:48.022770 (24743) lic__man INFO    Claim 'main' for <ui>.
2020-11-07 16:50:48.022847 (24743) lic_core INFO    (1) checking out 'jasper_interactive' ...
2020-11-07 16:50:48.232111 (24743) lic_core INFO    ... (1) checkout succeeded
2020-11-07 16:50:48.232260 (24743) lic__man INFO    Claim 'fpv' for <ui>.
2020-11-07 16:50:48.232312 (24743) lic_core INFO    (2) checking out 'jasper_fpv' ...
2020-11-07 16:50:48.532400 (24743) lic_core INFO    ... (2) checkout succeeded
2020-11-07 16:50:50.028377 (24743) lic__man INFO    Claim 'fpv' for <ui>.
2020-11-07 16:50:50.358677 (24743) lic__man INFO    Unclaim 'fpv' for <ui>.
2020-11-07 16:50:50.358769 (24743) lic__man INFO    Claim 'fpv' for <ui>.
2020-11-07 16:50:50.373179 (24743) session_ INFO    Starting analysis session with session id 'session_0' ...
2020-11-07 16:50:50.375177 (24743) session_ INFO    Analysis session with session id 'session_0' started (pid: 24807)
2020-11-07 16:50:55.442513 (24743) session_ INFO    Analysis session 'session_0' connected to the console (host: 192.168.100.8:44066)
2020-11-07 16:51:00.278870 (24743) lic__man INFO    Unclaim everything for 'session_0'.
2020-11-07 16:51:01.595079 (24743) lic__man INFO    Claim 'fpv' for 'session_0/prove-0'.
2020-11-07 16:51:08.131845 (24743) lic__man INFO    Unclaim everything for 'session_0/prove-0'.
2020-11-07 16:51:27.833901 (24743) lic__man INFO    Claim 'fpv' for 'session_0'.
2020-11-07 17:02:59.998521 (24743) main____ INFO    About to exit: requested from GUI
2020-11-07 17:03:00.267924 (24743) main____ INFO    Exiting with status 0.
